PclTestApp/build/outputs/logs/manifest-merger-debug-report.txt
-- Merging decision tree log ---
manifest
ADDED from IngenicoSamples\pcltestapp\AndroidManifest.xml:2:1-79:12
INJECTED from IngenicoSamples\pcltestapp\AndroidManifest.xml:2:1-79:12
INJECTED from IngenicoSamples\pcltestapp\AndroidManifest.xml:2:1-79:12
INJECTED from IngenicoSamples\pcltestapp\AndroidManifest.xml:2:1-79:12
MERGED from [com.android.support:multidex:1.0.2] AndroidManifest.xml:17:1-22:12
MERGED from [com.android.support:appcompat-v7:27.0.0] AndroidManifest.xml:17:1-22:12
MERGED from [com.android.support:support-v4:27.0.0] AndroidManifest.xml:17:1-22:12
MERGED from [com.android.support:support-fragment:27.0.0] AndroidManifest.xml:17:1-22:12
MERGED from [com.android.support:support-core-utils:27.0.0] AndroidManifest.xml:17:1-22:12
MERGED from [com.android.support:animated-vector-drawable:27.0.0] AndroidManifest.xml:17:1-22:12
MERGED from [com.android.support:support-vector-drawable:27.0.0] AndroidManifest.xml:17:1-22:12
MERGED from [com.android.support:support-media-compat:27.0.0] AndroidManifest.xml:17:1-22:12
MERGED from [com.android.support:support-core-ui:27.0.0] AndroidManifest.xml:17:1-22:12
MERGED from [com.android.support:support-compat:27.0.0] AndroidManifest.xml:17:1-22:12
MERGED from [android.arch.lifecycle:runtime:1.0.0] AndroidManifest.xml:17:1-30:12
INJECTED from IngenicoSamples\pcltestapp\AndroidManifest.xml:2:1-79:12
INJECTED from IngenicoSamples\pcltestapp\AndroidManifest.xml:2:1-79:12
INJECTED from IngenicoSamples\pcltestapp\AndroidManifest.xml:2:1-79:12
	package
		ADDED from IngenicoSamples\pcltestapp\AndroidManifest.xml:3:5-45
		INJECTED from IngenicoSamples\pcltestapp\AndroidManifest.xml
		INJECTED from IngenicoSamples\pcltestapp\AndroidManifest.xml
	android:versionName
		INJECTED from IngenicoSamples\pcltestapp\AndroidManifest.xml
		ADDED from IngenicoSamples\pcltestapp\AndroidManifest.xml:2:1-79:12
		INJECTED from IngenicoSamples\pcltestapp\AndroidManifest.xml
	android:versionCode
		INJECTED from IngenicoSamples\pcltestapp\AndroidManifest.xml
		ADDED from IngenicoSamples\pcltestapp\AndroidManifest.xml:2:1-79:12
		INJECTED from IngenicoSamples\pcltestapp\AndroidManifest.xml
	xmlns:android
		ADDED from IngenicoSamples\pcltestapp\AndroidManifest.xml:2:11-69
uses-permission#android.permission.INTERNET
ADDED from IngenicoSamples\pcltestapp\AndroidManifest.xml:5:5-67
	android:name
		ADDED from IngenicoSamples\pcltestapp\AndroidManifest.xml:5:22-64
uses-permission#android.permission.WRITE_EXTERNAL_STORAGE
ADDED from IngenicoSamples\pcltestapp\AndroidManifest.xml:6:5-81
	android:name
		ADDED from IngenicoSamples\pcltestapp\AndroidManifest.xml:6:22-78
uses-permission#android.permission.ACCESS_NETWORK_STATE
ADDED from IngenicoSamples\pcltestapp\AndroidManifest.xml:7:5-79
	android:name
		ADDED from IngenicoSamples\pcltestapp\AndroidManifest.xml:7:22-76
uses-permission#android.permission.BLUETOOTH
ADDED from IngenicoSamples\pcltestapp\AndroidManifest.xml:8:5-68
	android:name
		ADDED from IngenicoSamples\pcltestapp\AndroidManifest.xml:8:22-65
uses-permission#android.permission.BLUETOOTH_ADMIN
ADDED from IngenicoSamples\pcltestapp\AndroidManifest.xml:9:5-74
	android:name
		ADDED from IngenicoSamples\pcltestapp\AndroidManifest.xml:9:22-71
uses-permission#android.permission.ACCESS_WIFI_STATE
ADDED from IngenicoSamples\pcltestapp\AndroidManifest.xml:10:5-76
	android:name
		ADDED from IngenicoSamples\pcltestapp\AndroidManifest.xml:10:22-73
uses-feature#android.hardware.usb.host
ADDED from IngenicoSamples\pcltestapp\AndroidManifest.xml:12:5-62
	android:name
		ADDED from IngenicoSamples\pcltestapp\AndroidManifest.xml:12:19-59
application
ADDED from IngenicoSamples\pcltestapp\AndroidManifest.xml:14:5-77:19
MERGED from [android.arch.lifecycle:runtime:1.0.0] AndroidManifest.xml:24:5-28:19
MERGED from [android.arch.lifecycle:runtime:1.0.0] AndroidManifest.xml:24:5-28:19
	android:label
		ADDED from IngenicoSamples\pcltestapp\AndroidManifest.xml:17:9-41
	android:icon
		ADDED from IngenicoSamples\pcltestapp\AndroidManifest.xml:16:9-45
	android:allowBackup
		ADDED from IngenicoSamples\pcltestapp\AndroidManifest.xml:15:9-35
	android:theme
		ADDED from IngenicoSamples\pcltestapp\AndroidManifest.xml:18:9-51
activity#com.ingenico.pcltestappwithlib.SplashActivity
ADDED from IngenicoSamples\pcltestapp\AndroidManifest.xml:19:9-26:20
	android:theme
		ADDED from IngenicoSamples\pcltestapp\AndroidManifest.xml:21:13-77
	android:name
		ADDED from IngenicoSamples\pcltestapp\AndroidManifest.xml:20:13-43
intent-filter#action:name:android.intent.action.MAIN+category:name:android.intent.category.LAUNCHER
ADDED from IngenicoSamples\pcltestapp\AndroidManifest.xml:22:13-25:29
action#android.intent.action.MAIN
ADDED from IngenicoSamples\pcltestapp\AndroidManifest.xml:23:17-69
	android:name
		ADDED from IngenicoSamples\pcltestapp\AndroidManifest.xml:23:25-66
category#android.intent.category.LAUNCHER
ADDED from IngenicoSamples\pcltestapp\AndroidManifest.xml:24:17-77
	android:name
		ADDED from IngenicoSamples\pcltestapp\AndroidManifest.xml:24:27-74
activity#com.ingenico.pcltestappwithlib.WelcomeActivity
ADDED from IngenicoSamples\pcltestapp\AndroidManifest.xml:27:9-42:20
	android:label
		ADDED from IngenicoSamples\pcltestapp\AndroidManifest.xml:29:13-45
	android:launchMode
		ADDED from IngenicoSamples\pcltestapp\AndroidManifest.xml:30:13-44
	android:name
		ADDED from IngenicoSamples\pcltestapp\AndroidManifest.xml:28:13-44
intent-filter#action:name:android.intent.action.MAIN+category:name:android.intent.category.DEFAULT
ADDED from IngenicoSamples\pcltestapp\AndroidManifest.xml:31:13-34:29
category#android.intent.category.DEFAULT
ADDED from IngenicoSamples\pcltestapp\AndroidManifest.xml:33:17-76
	android:name
		ADDED from IngenicoSamples\pcltestapp\AndroidManifest.xml:33:27-73
intent-filter#action:name:android.hardware.usb.action.USB_DEVICE_ATTACHED
ADDED from IngenicoSamples\pcltestapp\AndroidManifest.xml:35:13-37:29
action#android.hardware.usb.action.USB_DEVICE_ATTACHED
ADDED from IngenicoSamples\pcltestapp\AndroidManifest.xml:36:17-90
	android:name
		ADDED from IngenicoSamples\pcltestapp\AndroidManifest.xml:36:25-87
meta-data#android.hardware.usb.action.USB_DEVICE_ATTACHED
ADDED from IngenicoSamples\pcltestapp\AndroidManifest.xml:39:13-41:61
	android:resource
		ADDED from IngenicoSamples\pcltestapp\AndroidManifest.xml:41:17-58
	android:name
		ADDED from IngenicoSamples\pcltestapp\AndroidManifest.xml:40:17-79
activity#com.ingenico.pcltestappwithlib.InputSimulActivity
ADDED from IngenicoSamples\pcltestapp\AndroidManifest.xml:43:9-46:61
	android:screenOrientation
		ADDED from IngenicoSamples\pcltestapp\AndroidManifest.xml:46:13-49
	android:label
		ADDED from IngenicoSamples\pcltestapp\AndroidManifest.xml:45:13-48
	android:name
		ADDED from IngenicoSamples\pcltestapp\AndroidManifest.xml:44:13-47
activity#com.ingenico.pcltestappwithlib.PclLoopTestActivity
ADDED from IngenicoSamples\pcltestapp\AndroidManifest.xml:47:9-50:61
	android:screenOrientation
		ADDED from IngenicoSamples\pcltestapp\AndroidManifest.xml:50:13-49
	android:label
		ADDED from IngenicoSamples\pcltestapp\AndroidManifest.xml:49:13-46
	android:name
		ADDED from IngenicoSamples\pcltestapp\AndroidManifest.xml:48:13-48
activity#com.ingenico.pcltestappwithlib.TestListActivity
ADDED from IngenicoSamples\pcltestapp\AndroidManifest.xml:51:9-53:73
	android:label
		ADDED from IngenicoSamples\pcltestapp\AndroidManifest.xml:53:13-61
	android:name
		ADDED from IngenicoSamples\pcltestapp\AndroidManifest.xml:52:13-45
activity#com.ingenico.pcltestappwithlib.DetailedTestListActivity
ADDED from IngenicoSamples\pcltestapp\AndroidManifest.xml:54:9-56:82
	android:label
		ADDED from IngenicoSamples\pcltestapp\AndroidManifest.xml:56:13-70
	android:name
		ADDED from IngenicoSamples\pcltestapp\AndroidManifest.xml:55:13-53
activity#com.ingenico.pcltestappwithlib.TestActivity
ADDED from IngenicoSamples\pcltestapp\AndroidManifest.xml:57:9-60:68
	android:label
		ADDED from IngenicoSamples\pcltestapp\AndroidManifest.xml:60:13-56
	android:configChanges
		ADDED from IngenicoSamples\pcltestapp\AndroidManifest.xml:59:13-48
	android:name
		ADDED from IngenicoSamples\pcltestapp\AndroidManifest.xml:58:13-41
activity#com.ingenico.pcltestappwithlib.CaptureSignature
ADDED from IngenicoSamples\pcltestapp\AndroidManifest.xml:61:9-66:59
	android:label
		ADDED from IngenicoSamples\pcltestapp\AndroidManifest.xml:64:13-51
	android:excludeFromRecents
		ADDED from IngenicoSamples\pcltestapp\AndroidManifest.xml:63:13-46
	android:launchMode
		ADDED from IngenicoSamples\pcltestapp\AndroidManifest.xml:65:13-43
	android:theme
		ADDED from IngenicoSamples\pcltestapp\AndroidManifest.xml:66:13-56
	android:name
		ADDED from IngenicoSamples\pcltestapp\AndroidManifest.xml:62:13-75
activity#com.ingenico.pcltestappwithlib.BcrSetupActivity
ADDED from IngenicoSamples\pcltestapp\AndroidManifest.xml:67:9-69:73
	android:label
		ADDED from IngenicoSamples\pcltestapp\AndroidManifest.xml:69:13-61
	android:name
		ADDED from IngenicoSamples\pcltestapp\AndroidManifest.xml:68:13-75
activity#com.ingenico.pcltestappwithlib.SymbologiesActivity
ADDED from IngenicoSamples\pcltestapp\AndroidManifest.xml:71:9-73:75
	android:label
		ADDED from IngenicoSamples\pcltestapp\AndroidManifest.xml:73:13-63
	android:name
		ADDED from IngenicoSamples\pcltestapp\AndroidManifest.xml:72:13-78
service#com.ingenico.pclservice.PclService
ADDED from IngenicoSamples\pcltestapp\AndroidManifest.xml:75:9-70
	android:name
		ADDED from IngenicoSamples\pcltestapp\AndroidManifest.xml:75:18-67
service#com.ingenico.pclservice.BluetoothService
ADDED from IngenicoSamples\pcltestapp\AndroidManifest.xml:76:9-76
	android:name
		ADDED from IngenicoSamples\pcltestapp\AndroidManifest.xml:76:18-73
uses-sdk
INJECTED from IngenicoSamples\pcltestapp\AndroidManifest.xml reason: use-sdk injection requested
INJECTED from IngenicoSamples\pcltestapp\AndroidManifest.xml
INJECTED from IngenicoSamples\pcltestapp\AndroidManifest.xml
MERGED from [com.android.support:multidex:1.0.2] AndroidManifest.xml:20:5-43
MERGED from [com.android.support:multidex:1.0.2] AndroidManifest.xml:20:5-43
MERGED from [com.android.support:appcompat-v7:27.0.0] AndroidManifest.xml:20:5-44
MERGED from [com.android.support:appcompat-v7:27.0.0] AndroidManifest.xml:20:5-44
MERGED from [com.android.support:support-v4:27.0.0] AndroidManifest.xml:20:5-44
MERGED from [com.android.support:support-v4:27.0.0] AndroidManifest.xml:20:5-44
MERGED from [com.android.support:support-fragment:27.0.0] AndroidManifest.xml:20:5-44
MERGED from [com.android.support:support-fragment:27.0.0] AndroidManifest.xml:20:5-44
MERGED from [com.android.support:support-core-utils:27.0.0] AndroidManifest.xml:20:5-44
MERGED from [com.android.support:support-core-utils:27.0.0] AndroidManifest.xml:20:5-44
MERGED from [com.android.support:animated-vector-drawable:27.0.0] AndroidManifest.xml:20:5-44
MERGED from [com.android.support:animated-vector-drawable:27.0.0] AndroidManifest.xml:20:5-44
MERGED from [com.android.support:support-vector-drawable:27.0.0] AndroidManifest.xml:20:5-44
MERGED from [com.android.support:support-vector-drawable:27.0.0] AndroidManifest.xml:20:5-44
MERGED from [com.android.support:support-media-compat:27.0.0] AndroidManifest.xml:20:5-44
MERGED from [com.android.support:support-media-compat:27.0.0] AndroidManifest.xml:20:5-44
MERGED from [com.android.support:support-core-ui:27.0.0] AndroidManifest.xml:20:5-44
MERGED from [com.android.support:support-core-ui:27.0.0] AndroidManifest.xml:20:5-44
MERGED from [com.android.support:support-compat:27.0.0] AndroidManifest.xml:20:5-44
MERGED from [com.android.support:support-compat:27.0.0] AndroidManifest.xml:20:5-44
MERGED from [android.arch.lifecycle:runtime:1.0.0] AndroidManifest.xml:20:5-22:41
MERGED from [android.arch.lifecycle:runtime:1.0.0] AndroidManifest.xml:20:5-22:41
INJECTED from IngenicoSamples\pcltestapp\AndroidManifest.xml
INJECTED from IngenicoSamples\pcltestapp\AndroidManifest.xml
	android:targetSdkVersion
		INJECTED from IngenicoSamples\pcltestapp\AndroidManifest.xml
		ADDED from IngenicoSamples\pcltestapp\AndroidManifest.xml
		INJECTED from IngenicoSamples\pcltestapp\AndroidManifest.xml
	android:minSdkVersion
		INJECTED from IngenicoSamples\pcltestapp\AndroidManifest.xml
		ADDED from IngenicoSamples\pcltestapp\AndroidManifest.xml
		INJECTED from IngenicoSamples\pcltestapp\AndroidManifest.xml
meta-data#android.arch.lifecycle.VERSION
ADDED from [android.arch.lifecycle:runtime:1.0.0] AndroidManifest.xml:25:9-27:47
	android:value
		ADDED from [android.arch.lifecycle:runtime:1.0.0] AndroidManifest.xml:27:13-44
	android:name
		ADDED from [android.arch.lifecycle:runtime:1.0.0] AndroidManifest.xml:26:13-58